<?xml version="1.0" encoding="UTF-8"?>
<!-- Generated by org.testng.reporters.JUnitXMLReporter -->
<testsuite ignored="2" hostname="SAM-LAPTOP" failures="0" tests="1" name="Test" time="8.21" errors="0" timestamp="2023-11-13T19:10:54 GMT">
  <testcase classname="TestCases.TestCase_03" name="wishList" time="1.152"/>
  <testcase classname="TestCases.TestCase_02" name="addToCart" time="0.0">
    <ignored/>
  </testcase> <!-- addToCart -->
  <testcase classname="TestCases.TestCase_01" name="Registration" time="0.0">
    <ignored/>
  </testcase> <!-- Registration -->
</testsuite> <!-- Test -->
